<?xml version="1.0" encoding="UTF-8"?>
<!-- Generated by org.testng.reporters.JUnitXMLReporter -->
<testsuite hostname="localhost" ignored="4" name="Default test" tests="93" failures="0" timestamp="07 Apr 2018 15:23:00 GMT" time="29.119" errors="0">
  <testcase name="@BeforeMethod setUp" time="28.868" classname="com.uxin.usedcar.test.libs.BaseTest">
    <failure type="org.openqa.selenium.SessionNotCreatedException" message="Unable to create new remote session. desired capabilities = Capabilities [{preventWDAAttachments=true, simpleIsVisibleCheck=true, noReset=true, clearSystemFiles=true, xcodeOrgId=9H4SUA4596, bundleId=com.autounion.usedcar, deviceName=iPhone, launchTimeout=60000, xcodeSigningId=iPhone Developer, wdaLocalPort=2770, logTimestamp=true, newCommandTimeout=0, automationName=XCUITest, useNewWDA=true, platformName=iOS, udid=4df9b6366f9950f6ae7c73e81a776493cc9021d5}], required capabilities = Capabilities [{}]
Build info: version: &amp;apos;3.4.0&amp;apos;, revision: &amp;apos;unknown&amp;apos;, time: &amp;apos;unknown&amp;apos;
System info: host: &amp;apos;localhost&amp;apos;, ip: &amp;apos;fe80:0:0:0:8a8:f14a:9888:3541%en0&amp;apos;, os.name: &amp;apos;Mac OS X&amp;apos;, os.arch: &amp;apos;x86_64&amp;apos;, os.version: &amp;apos;10.13.4&amp;apos;, java.version: &amp;apos;1.8.0_65&amp;apos;
Driver info: driver.version: IOSDriver">
      <![CDATA[org.openqa.selenium.SessionNotCreatedException: Unable to create new remote session. desired capabilities = Capabilities [{preventWDAAttachments=true, simpleIsVisibleCheck=true, noReset=true, clearSystemFiles=true, xcodeOrgId=9H4SUA4596, bundleId=com.autounion.usedcar, deviceName=iPhone, launchTimeout=60000, xcodeSigningId=iPhone Developer, wdaLocalPort=2770, logTimestamp=true, newCommandTimeout=0, automationName=XCUITest, useNewWDA=true, platformName=iOS, udid=4df9b6366f9950f6ae7c73e81a776493cc9021d5}], required capabilities = Capabilities [{}]
Build info: version: '3.4.0', revision: 'unknown', time: 'unknown'
System info: host: 'localhost', ip: 'fe80:0:0:0:8a8:f14a:9888:3541%en0', os.name: 'Mac OS X', os.arch: 'x86_64', os.version: '10.13.4', java.version: '1.8.0_65'
Driver info: driver.version: IOSDriver
	at io.appium.java_client.remote.AppiumProtocolHandShake.lambda$1(AppiumProtocolHandShake.java:96)
	at java.util.Optional.orElseThrow(Optional.java:290)
	at io.appium.java_client.remote.AppiumProtocolHandShake.createSession(AppiumProtocolHandShake.java:96)
	at io.appium.java_client.remote.AppiumCommandExecutor.doExecute(AppiumCommandExecutor.java:111)
	at io.appium.java_client.remote.AppiumCommandExecutor.execute(AppiumCommandExecutor.java:162)
	at org.openqa.selenium.remote.RemoteWebDriver.execute(RemoteWebDriver.java:637)
	at io.appium.java_client.DefaultGenericMobileDriver.execute(DefaultGenericMobileDriver.java:42)
	at io.appium.java_client.AppiumDriver.execute(AppiumDriver.java:1)
	at io.appium.java_client.ios.IOSDriver.execute(IOSDriver.java:1)
	at org.openqa.selenium.remote.RemoteWebDriver.startSession(RemoteWebDriver.java:250)
	at org.openqa.selenium.remote.RemoteWebDriver.startSession(RemoteWebDriver.java:236)
	at org.openqa.selenium.remote.RemoteWebDriver.<init>(RemoteWebDriver.java:137)
	at io.appium.java_client.DefaultGenericMobileDriver.<init>(DefaultGenericMobileDriver.java:38)
	at io.appium.java_client.AppiumDriver.<init>(AppiumDriver.java:88)
	at io.appium.java_client.AppiumDriver.<init>(AppiumDriver.java:112)
	at io.appium.java_client.ios.IOSDriver.<init>(IOSDriver.java:78)
	at com.uxin.usedcar.test.libs.BaseTest.setUp(BaseTest.java:132)
	at sun.reflect.NativeMethodAccessorImpl.invoke0(Native Method)
	at sun.reflect.NativeMethodAccessorImpl.invoke(NativeMethodAccessorImpl.java:62)
	at sun.reflect.DelegatingMethodAccessorImpl.invoke(DelegatingMethodAccessorImpl.java:43)
	at java.lang.reflect.Method.invoke(Method.java:497)
	at org.testng.internal.MethodInvocationHelper.invokeMethod(MethodInvocationHelper.java:108)
	at org.testng.internal.Invoker.invokeConfigurationMethod(Invoker.java:523)
	at org.testng.internal.Invoker.invokeConfigurations(Invoker.java:224)
	at org.testng.internal.Invoker.invokeMethod(Invoker.java:599)
	at org.testng.internal.Invoker.invokeTestMethod(Invoker.java:869)
	at org.testng.internal.Invoker.invokeTestMethods(Invoker.java:1193)
	at org.testng.internal.TestMethodWorker.invokeTestMethods(TestMethodWorker.java:126)
	at org.testng.internal.TestMethodWorker.run(TestMethodWorker.java:109)
	at org.testng.TestRunner.privateRun(TestRunner.java:744)
	at org.testng.TestRunner.run(TestRunner.java:602)
	at org.testng.SuiteRunner.runTest(SuiteRunner.java:380)
	at org.testng.SuiteRunner.runSequentially(SuiteRunner.java:375)
	at org.testng.SuiteRunner.privateRun(SuiteRunner.java:340)
	at org.testng.SuiteRunner.run(SuiteRunner.java:289)
	at org.testng.SuiteRunnerWorker.runSuite(SuiteRunnerWorker.java:52)
	at org.testng.SuiteRunnerWorker.run(SuiteRunnerWorker.java:86)
	at org.testng.TestNG.runSuitesSequentially(TestNG.java:1301)
	at org.testng.TestNG.runSuitesLocally(TestNG.java:1226)
	at org.testng.TestNG.runSuites(TestNG.java:1144)
	at org.testng.TestNG.run(TestNG.java:1115)
	at org.testng.remote.AbstractRemoteTestNG.run(AbstractRemoteTestNG.java:114)
	at org.testng.remote.RemoteTestNG.initAndRun(RemoteTestNG.java:251)
	at org.testng.remote.RemoteTestNG.main(RemoteTestNG.java:77)
]]>
    </failure>
  </testcase> <!-- @BeforeMethod setUp -->
  <testcase name="@BeforeMethod setUp" time="0.0" classname="com.uxin.usedcar.test.libs.BaseTest">
    <skipped/>
  </testcase> <!-- @BeforeMethod setUp -->
  <testcase name="@BeforeMethod setUp" time="0.0" classname="com.uxin.usedcar.test.libs.BaseTest">
    <skipped/>
  </testcase> <!-- @BeforeMethod setUp -->
  <testcase name="@BeforeMethod setUp" time="0.0" classname="com.uxin.usedcar.test.libs.BaseTest">
    <skipped/>
  </testcase> <!-- @BeforeMethod setUp -->
  <testcase name="@BeforeMethod setUp" time="0.0" classname="com.uxin.usedcar.test.libs.BaseTest">
    <skipped/>
  </testcase> <!-- @BeforeMethod setUp -->
  <testcase name="@BeforeMethod setUp" time="0.0" classname="com.uxin.usedcar.test.libs.BaseTest">
    <skipped/>
  </testcase> <!-- @BeforeMethod setUp -->
  <testcase name="@BeforeMethod setUp" time="0.0" classname="com.uxin.usedcar.test.libs.BaseTest">
    <skipped/>
  </testcase> <!-- @BeforeMethod setUp -->
  <testcase name="@BeforeClass first" time="0.0" classname="com.uxin.usedcar.testCase.MyTest">
    <skipped/>
  </testcase> <!-- @BeforeClass first -->
  <testcase name="@BeforeMethod setUp" time="0.0" classname="com.uxin.usedcar.test.libs.BaseTest">
    <skipped/>
  </testcase> <!-- @BeforeMethod setUp -->
  <testcase name="@BeforeMethod setUp" time="0.0" classname="com.uxin.usedcar.test.libs.BaseTest">
    <skipped/>
  </testcase> <!-- @BeforeMethod setUp -->
  <testcase name="@BeforeMethod setUp" time="0.0" classname="com.uxin.usedcar.test.libs.BaseTest">
    <skipped/>
  </testcase> <!-- @BeforeMethod setUp -->
  <testcase name="@BeforeMethod setUp" time="0.0" classname="com.uxin.usedcar.test.libs.BaseTest">
    <skipped/>
  </testcase> <!-- @BeforeMethod setUp -->
  <testcase name="@BeforeMethod setUp" time="0.0" classname="com.uxin.usedcar.test.libs.BaseTest">
    <skipped/>
  </testcase> <!-- @BeforeMethod setUp -->
  <testcase name="@BeforeMethod setUp" time="0.0" classname="com.uxin.usedcar.test.libs.BaseTest">
    <skipped/>
  </testcase> <!-- @BeforeMethod setUp -->
  <testcase name="@BeforeMethod setUp" time="0.0" classname="com.uxin.usedcar.test.libs.BaseTest">
    <skipped/>
  </testcase> <!-- @BeforeMethod setUp -->
  <testcase name="@BeforeMethod setUp" time="0.0" classname="com.uxin.usedcar.test.libs.BaseTest">
    <skipped/>
  </testcase> <!-- @BeforeMethod setUp -->
  <testcase name="@BeforeMethod setUp" time="0.0" classname="com.uxin.usedcar.test.libs.BaseTest">
    <skipped/>
  </testcase> <!-- @BeforeMethod setUp -->
  <testcase name="@BeforeMethod setUp" time="0.0" classname="com.uxin.usedcar.test.libs.BaseTest">
    <skipped/>
  </testcase> <!-- @BeforeMethod setUp -->
  <testcase name="@BeforeMethod setUp" time="0.0" classname="com.uxin.usedcar.test.libs.BaseTest">
    <skipped/>
  </testcase> <!-- @BeforeMethod setUp -->
  <testcase name="@AfterClass last" time="0.0" classname="com.uxin.usedcar.testCase.MyTest">
    <skipped/>
  </testcase> <!-- @AfterClass last -->
  <testcase name="@BeforeClass first" time="0.0" classname="com.uxin.usedcar.testCase.HomePageTest">
    <skipped/>
  </testcase> <!-- @BeforeClass first -->
  <testcase name="@BeforeMethod setUp" time="0.0" classname="com.uxin.usedcar.test.libs.BaseTest">
    <skipped/>
  </testcase> <!-- @BeforeMethod setUp -->
  <testcase name="@BeforeMethod setUp" time="0.0" classname="com.uxin.usedcar.test.libs.BaseTest">
    <skipped/>
  </testcase> <!-- @BeforeMethod setUp -->
  <testcase name="@BeforeMethod setUp" time="0.0" classname="com.uxin.usedcar.test.libs.BaseTest">
    <skipped/>
  </testcase> <!-- @BeforeMethod setUp -->
  <testcase name="@BeforeMethod setUp" time="0.0" classname="com.uxin.usedcar.test.libs.BaseTest">
    <skipped/>
  </testcase> <!-- @BeforeMethod setUp -->
  <testcase name="@BeforeMethod setUp" time="0.0" classname="com.uxin.usedcar.test.libs.BaseTest">
    <skipped/>
  </testcase> <!-- @BeforeMethod setUp -->
  <testcase name="@BeforeMethod setUp" time="0.0" classname="com.uxin.usedcar.test.libs.BaseTest">
    <skipped/>
  </testcase> <!-- @BeforeMethod setUp -->
  <testcase name="@BeforeMethod setUp" time="0.0" classname="com.uxin.usedcar.test.libs.BaseTest">
    <skipped/>
  </testcase> <!-- @BeforeMethod setUp -->
  <testcase name="@BeforeMethod setUp" time="0.0" classname="com.uxin.usedcar.test.libs.BaseTest">
    <skipped/>
  </testcase> <!-- @BeforeMethod setUp -->
  <testcase name="@BeforeMethod setUp" time="0.0" classname="com.uxin.usedcar.test.libs.BaseTest">
    <skipped/>
  </testcase> <!-- @BeforeMethod setUp -->
  <testcase name="@BeforeMethod setUp" time="0.0" classname="com.uxin.usedcar.test.libs.BaseTest">
    <skipped/>
  </testcase> <!-- @BeforeMethod setUp -->
  <testcase name="@BeforeMethod setUp" time="0.0" classname="com.uxin.usedcar.test.libs.BaseTest">
    <skipped/>
  </testcase> <!-- @BeforeMethod setUp -->
  <testcase name="@BeforeMethod setUp" time="0.0" classname="com.uxin.usedcar.test.libs.BaseTest">
    <skipped/>
  </testcase> <!-- @BeforeMethod setUp -->
  <testcase name="@BeforeMethod setUp" time="0.0" classname="com.uxin.usedcar.test.libs.BaseTest">
    <skipped/>
  </testcase> <!-- @BeforeMethod setUp -->
  <testcase name="@BeforeMethod setUp" time="0.0" classname="com.uxin.usedcar.test.libs.BaseTest">
    <skipped/>
  </testcase> <!-- @BeforeMethod setUp -->
  <testcase name="@BeforeMethod setUp" time="0.0" classname="com.uxin.usedcar.test.libs.BaseTest">
    <skipped/>
  </testcase> <!-- @BeforeMethod setUp -->
  <testcase name="@BeforeMethod setUp" time="0.0" classname="com.uxin.usedcar.test.libs.BaseTest">
    <skipped/>
  </testcase> <!-- @BeforeMethod setUp -->
  <testcase name="@BeforeMethod setUp" time="0.0" classname="com.uxin.usedcar.test.libs.BaseTest">
    <skipped/>
  </testcase> <!-- @BeforeMethod setUp -->
  <testcase name="@BeforeMethod setUp" time="0.0" classname="com.uxin.usedcar.test.libs.BaseTest">
    <skipped/>
  </testcase> <!-- @BeforeMethod setUp -->
  <testcase name="@AfterClass last" time="0.0" classname="com.uxin.usedcar.testCase.HomePageTest">
    <skipped/>
  </testcase> <!-- @AfterClass last -->
  <testcase name="@BeforeClass first" time="0.0" classname="com.uxin.usedcar.testCase.ValuableBookTest">
    <skipped/>
  </testcase> <!-- @BeforeClass first -->
  <testcase name="@BeforeMethod setUp" time="0.0" classname="com.uxin.usedcar.test.libs.BaseTest">
    <skipped/>
  </testcase> <!-- @BeforeMethod setUp -->
  <testcase name="@BeforeMethod setUp" time="0.0" classname="com.uxin.usedcar.test.libs.BaseTest">
    <skipped/>
  </testcase> <!-- @BeforeMethod setUp -->
  <testcase name="@BeforeMethod setUp" time="0.0" classname="com.uxin.usedcar.test.libs.BaseTest">
    <skipped/>
  </testcase> <!-- @BeforeMethod setUp -->
  <testcase name="@BeforeMethod setUp" time="0.0" classname="com.uxin.usedcar.test.libs.BaseTest">
    <skipped/>
  </testcase> <!-- @BeforeMethod setUp -->
  <testcase name="@BeforeMethod setUp" time="0.0" classname="com.uxin.usedcar.test.libs.BaseTest">
    <skipped/>
  </testcase> <!-- @BeforeMethod setUp -->
  <testcase name="@BeforeMethod setUp" time="0.0" classname="com.uxin.usedcar.test.libs.BaseTest">
    <skipped/>
  </testcase> <!-- @BeforeMethod setUp -->
  <testcase name="@BeforeMethod setUp" time="0.0" classname="com.uxin.usedcar.test.libs.BaseTest">
    <skipped/>
  </testcase> <!-- @BeforeMethod setUp -->
  <testcase name="@BeforeMethod setUp" time="0.0" classname="com.uxin.usedcar.test.libs.BaseTest">
    <skipped/>
  </testcase> <!-- @BeforeMethod setUp -->
  <testcase name="@BeforeMethod setUp" time="0.0" classname="com.uxin.usedcar.test.libs.BaseTest">
    <skipped/>
  </testcase> <!-- @BeforeMethod setUp -->
  <testcase name="@BeforeMethod setUp" time="0.0" classname="com.uxin.usedcar.test.libs.BaseTest">
    <skipped/>
  </testcase> <!-- @BeforeMethod setUp -->
  <testcase name="@BeforeMethod setUp" time="0.0" classname="com.uxin.usedcar.test.libs.BaseTest">
    <skipped/>
  </testcase> <!-- @BeforeMethod setUp -->
  <testcase name="@BeforeMethod setUp" time="0.0" classname="com.uxin.usedcar.test.libs.BaseTest">
    <skipped/>
  </testcase> <!-- @BeforeMethod setUp -->
  <testcase name="@BeforeMethod setUp" time="0.0" classname="com.uxin.usedcar.test.libs.BaseTest">
    <skipped/>
  </testcase> <!-- @BeforeMethod setUp -->
  <testcase name="@BeforeMethod setUp" time="0.0" classname="com.uxin.usedcar.test.libs.BaseTest">
    <skipped/>
  </testcase> <!-- @BeforeMethod setUp -->
  <testcase name="@BeforeMethod setUp" time="0.0" classname="com.uxin.usedcar.test.libs.BaseTest">
    <skipped/>
  </testcase> <!-- @BeforeMethod setUp -->
  <testcase name="@BeforeMethod setUp" time="0.0" classname="com.uxin.usedcar.test.libs.BaseTest">
    <skipped/>
  </testcase> <!-- @BeforeMethod setUp -->
  <testcase name="@BeforeMethod setUp" time="0.0" classname="com.uxin.usedcar.test.libs.BaseTest">
    <skipped/>
  </testcase> <!-- @BeforeMethod setUp -->
  <testcase name="@BeforeMethod setUp" time="0.0" classname="com.uxin.usedcar.test.libs.BaseTest">
    <skipped/>
  </testcase> <!-- @BeforeMethod setUp -->
  <testcase name="@BeforeMethod setUp" time="0.0" classname="com.uxin.usedcar.test.libs.BaseTest">
    <skipped/>
  </testcase> <!-- @BeforeMethod setUp -->
  <testcase name="@BeforeClass first" time="0.0" classname="com.uxin.usedcar.testCase.BuyCarTest">
    <skipped/>
  </testcase> <!-- @BeforeClass first -->
  <testcase name="@BeforeMethod setUp" time="0.0" classname="com.uxin.usedcar.test.libs.BaseTest">
    <skipped/>
  </testcase> <!-- @BeforeMethod setUp -->
  <testcase name="@BeforeMethod setUp" time="0.0" classname="com.uxin.usedcar.test.libs.BaseTest">
    <skipped/>
  </testcase> <!-- @BeforeMethod setUp -->
  <testcase name="@BeforeMethod setUp" time="0.0" classname="com.uxin.usedcar.test.libs.BaseTest">
    <skipped/>
  </testcase> <!-- @BeforeMethod setUp -->
  <testcase name="@BeforeMethod setUp" time="0.0" classname="com.uxin.usedcar.test.libs.BaseTest">
    <skipped/>
  </testcase> <!-- @BeforeMethod setUp -->
  <testcase name="@BeforeMethod setUp" time="0.0" classname="com.uxin.usedcar.test.libs.BaseTest">
    <skipped/>
  </testcase> <!-- @BeforeMethod setUp -->
  <testcase name="@BeforeMethod setUp" time="0.0" classname="com.uxin.usedcar.test.libs.BaseTest">
    <skipped/>
  </testcase> <!-- @BeforeMethod setUp -->
  <testcase name="@BeforeMethod setUp" time="0.0" classname="com.uxin.usedcar.test.libs.BaseTest">
    <skipped/>
  </testcase> <!-- @BeforeMethod setUp -->
  <testcase name="@BeforeMethod setUp" time="0.0" classname="com.uxin.usedcar.test.libs.BaseTest">
    <skipped/>
  </testcase> <!-- @BeforeMethod setUp -->
  <testcase name="@BeforeMethod setUp" time="0.0" classname="com.uxin.usedcar.test.libs.BaseTest">
    <skipped/>
  </testcase> <!-- @BeforeMethod setUp -->
  <testcase name="@BeforeMethod setUp" time="0.0" classname="com.uxin.usedcar.test.libs.BaseTest">
    <skipped/>
  </testcase> <!-- @BeforeMethod setUp -->
  <testcase name="@BeforeMethod setUp" time="0.0" classname="com.uxin.usedcar.test.libs.BaseTest">
    <skipped/>
  </testcase> <!-- @BeforeMethod setUp -->
  <testcase name="@BeforeMethod setUp" time="0.0" classname="com.uxin.usedcar.test.libs.BaseTest">
    <skipped/>
  </testcase> <!-- @BeforeMethod setUp -->
  <testcase name="@BeforeMethod setUp" time="0.0" classname="com.uxin.usedcar.test.libs.BaseTest">
    <skipped/>
  </testcase> <!-- @BeforeMethod setUp -->
  <testcase name="@BeforeMethod setUp" time="0.0" classname="com.uxin.usedcar.test.libs.BaseTest">
    <skipped/>
  </testcase> <!-- @BeforeMethod setUp -->
  <testcase name="@BeforeMethod setUp" time="0.0" classname="com.uxin.usedcar.test.libs.BaseTest">
    <skipped/>
  </testcase> <!-- @BeforeMethod setUp -->
  <testcase name="@BeforeMethod setUp" time="0.0" classname="com.uxin.usedcar.test.libs.BaseTest">
    <skipped/>
  </testcase> <!-- @BeforeMethod setUp -->
  <testcase name="@BeforeMethod setUp" time="0.0" classname="com.uxin.usedcar.test.libs.BaseTest">
    <skipped/>
  </testcase> <!-- @BeforeMethod setUp -->
  <testcase name="@BeforeMethod setUp" time="0.0" classname="com.uxin.usedcar.test.libs.BaseTest">
    <skipped/>
  </testcase> <!-- @BeforeMethod setUp -->
  <testcase name="@BeforeMethod setUp" time="0.0" classname="com.uxin.usedcar.test.libs.BaseTest">
    <skipped/>
  </testcase> <!-- @BeforeMethod setUp -->
  <testcase name="@BeforeMethod setUp" time="0.0" classname="com.uxin.usedcar.test.libs.BaseTest">
    <skipped/>
  </testcase> <!-- @BeforeMethod setUp -->
  <testcase name="@BeforeMethod setUp" time="0.0" classname="com.uxin.usedcar.test.libs.BaseTest">
    <skipped/>
  </testcase> <!-- @BeforeMethod setUp -->
  <testcase name="@BeforeMethod setUp" time="0.0" classname="com.uxin.usedcar.test.libs.BaseTest">
    <skipped/>
  </testcase> <!-- @BeforeMethod setUp -->
  <testcase name="@BeforeMethod setUp" time="0.0" classname="com.uxin.usedcar.test.libs.BaseTest">
    <skipped/>
  </testcase> <!-- @BeforeMethod setUp -->
  <testcase name="@BeforeMethod setUp" time="0.0" classname="com.uxin.usedcar.test.libs.BaseTest">
    <skipped/>
  </testcase> <!-- @BeforeMethod setUp -->
  <testcase name="@BeforeMethod setUp" time="0.0" classname="com.uxin.usedcar.test.libs.BaseTest">
    <skipped/>
  </testcase> <!-- @BeforeMethod setUp -->
  <testcase name="@BeforeMethod setUp" time="0.0" classname="com.uxin.usedcar.test.libs.BaseTest">
    <skipped/>
  </testcase> <!-- @BeforeMethod setUp -->
  <testcase name="@BeforeMethod setUp" time="0.0" classname="com.uxin.usedcar.test.libs.BaseTest">
    <skipped/>
  </testcase> <!-- @BeforeMethod setUp -->
  <testcase name="@BeforeMethod setUp" time="0.0" classname="com.uxin.usedcar.test.libs.BaseTest">
    <skipped/>
  </testcase> <!-- @BeforeMethod setUp -->
  <testcase name="@BeforeMethod setUp" time="0.0" classname="com.uxin.usedcar.test.libs.BaseTest">
    <skipped/>
  </testcase> <!-- @BeforeMethod setUp -->
  <testcase name="@BeforeMethod setUp" time="0.0" classname="com.uxin.usedcar.test.libs.BaseTest">
    <skipped/>
  </testcase> <!-- @BeforeMethod setUp -->
  <testcase name="@BeforeMethod setUp" time="0.0" classname="com.uxin.usedcar.test.libs.BaseTest">
    <skipped/>
  </testcase> <!-- @BeforeMethod setUp -->
  <testcase name="@BeforeMethod setUp" time="0.0" classname="com.uxin.usedcar.test.libs.BaseTest">
    <skipped/>
  </testcase> <!-- @BeforeMethod setUp -->
  <testcase name="@BeforeMethod setUp" time="0.0" classname="com.uxin.usedcar.test.libs.BaseTest">
    <skipped/>
  </testcase> <!-- @BeforeMethod setUp -->
  <testcase name="@BeforeMethod setUp" time="0.0" classname="com.uxin.usedcar.test.libs.BaseTest">
    <skipped/>
  </testcase> <!-- @BeforeMethod setUp -->
  <testcase name="@BeforeMethod setUp" time="0.0" classname="com.uxin.usedcar.test.libs.BaseTest">
    <skipped/>
  </testcase> <!-- @BeforeMethod setUp -->
  <testcase name="@BeforeMethod setUp" time="0.0" classname="com.uxin.usedcar.test.libs.BaseTest">
    <skipped/>
  </testcase> <!-- @BeforeMethod setUp -->
  <testcase name="@BeforeMethod setUp" time="0.0" classname="com.uxin.usedcar.test.libs.BaseTest">
    <skipped/>
  </testcase> <!-- @BeforeMethod setUp -->
  <testcase name="@BeforeMethod setUp" time="0.0" classname="com.uxin.usedcar.test.libs.BaseTest">
    <skipped/>
  </testcase> <!-- @BeforeMethod setUp -->
  <testcase name="test_3001_YYMC" time="0.0" classname="com.uxin.usedcar.testCase.SellCarTest">
    <skipped/>
  </testcase> <!-- test_3001_YYMC -->
  <testcase name="test_3002_YCJL" time="0.0" classname="com.uxin.usedcar.testCase.SellCarTest">
    <skipped/>
  </testcase> <!-- test_3002_YCJL -->
  <testcase name="test_3003_MFZX" time="0.0" classname="com.uxin.usedcar.testCase.SellCarTest">
    <skipped/>
  </testcase> <!-- test_3003_MFZX -->
  <testcase name="test_3004_MCGJ" time="0.0" classname="com.uxin.usedcar.testCase.SellCarTest">
    <skipped/>
  </testcase> <!-- test_3004_MCGJ -->
  <testcase name="test_3005_GJTJ" time="0.0" classname="com.uxin.usedcar.testCase.SellCarTest">
    <skipped/>
  </testcase> <!-- test_3005_GJTJ -->
  <testcase name="test_3006_YYMC" time="0.0" classname="com.uxin.usedcar.testCase.SellCarTest">
    <skipped/>
  </testcase> <!-- test_3006_YYMC -->
  <testcase name="test_3007_CJJL" time="0.0" classname="com.uxin.usedcar.testCase.SellCarTest">
    <skipped/>
  </testcase> <!-- test_3007_CJJL -->
  <testcase name="test_5100_xx" time="0.0" classname="com.uxin.usedcar.testCase.MyTest">
    <skipped/>
  </testcase> <!-- test_5100_xx -->
  <testcase name="test_5510_wmdc" time="0.0" classname="com.uxin.usedcar.testCase.MyTest">
    <skipped/>
  </testcase> <!-- test_5510_wmdc -->
  <testcase name="test_5530_wmaidc" time="0.0" classname="com.uxin.usedcar.testCase.MyTest">
    <skipped/>
  </testcase> <!-- test_5530_wmaidc -->
  <testcase name="test_5620_yxgj" time="0.0" classname="com.uxin.usedcar.testCase.MyTest">
    <skipped/>
  </testcase> <!-- test_5620_yxgj -->
  <testcase name="test_5630_gjx" time="0.0" classname="com.uxin.usedcar.testCase.MyTest">
    <skipped/>
  </testcase> <!-- test_5630_gjx -->
  <testcase name="test_5640_CNXH" time="0.0" classname="com.uxin.usedcar.testCase.MyTest">
    <skipped/>
  </testcase> <!-- test_5640_CNXH -->
  <testcase name="test_5710_ZADL" time="0.0" classname="com.uxin.usedcar.testCase.MyTest">
    <skipped/>
  </testcase> <!-- test_5710_ZADL -->
  <testcase name="test_5710_llls" time="0.0" classname="com.uxin.usedcar.testCase.MyTest">
    <skipped/>
  </testcase> <!-- test_5710_llls -->
  <testcase name="test_5710_wdsc" time="0.0" classname="com.uxin.usedcar.testCase.MyTest">
    <skipped/>
  </testcase> <!-- test_5710_wdsc -->
  <testcase name="test_5720_wddy" time="0.0" classname="com.uxin.usedcar.testCase.MyTest">
    <skipped/>
  </testcase> <!-- test_5720_wddy -->
  <testcase name="test_5900_dykg" time="0.0" classname="com.uxin.usedcar.testCase.MyTest">
    <skipped/>
  </testcase> <!-- test_5900_dykg -->
  <testcase name="test_1001_CSXZ" time="0.0" classname="com.uxin.usedcar.testCase.HomePageTest">
    <skipped/>
  </testcase> <!-- test_1001_CSXZ -->
  <testcase name="test_1101_MC" time="0.0" classname="com.uxin.usedcar.testCase.HomePageTest">
    <skipped/>
  </testcase> <!-- test_1101_MC -->
  <testcase name="test_1102_YCG" time="0.0" classname="com.uxin.usedcar.testCase.HomePageTest">
    <skipped/>
  </testcase> <!-- test_1102_YCG -->
  <testcase name="test_1103_MC" time="0.0" classname="com.uxin.usedcar.testCase.HomePageTest">
    <skipped/>
  </testcase> <!-- test_1103_MC -->
  <testcase name="test_1104_GJ" time="0.0" classname="com.uxin.usedcar.testCase.HomePageTest">
    <skipped/>
  </testcase> <!-- test_1104_GJ -->
  <testcase name="test_1105_ZNXC" time="0.0" classname="com.uxin.usedcar.testCase.HomePageTest">
    <skipped/>
  </testcase> <!-- test_1105_ZNXC -->
  <testcase name="test_1201_CNXH" time="0.0" classname="com.uxin.usedcar.testCase.HomePageTest">
    <skipped/>
  </testcase> <!-- test_1201_CNXH -->
  <testcase name="test_1202_GDCY" time="0.0" classname="com.uxin.usedcar.testCase.HomePageTest">
    <skipped/>
  </testcase> <!-- test_1202_GDCY -->
  <testcase name="test_1301_YXRZJS" time="0.0" classname="com.uxin.usedcar.testCase.HomePageTest">
    <skipped/>
  </testcase> <!-- test_1301_YXRZJS -->
  <testcase name="test_1302_YCGJS" time="0.0" classname="com.uxin.usedcar.testCase.HomePageTest">
    <skipped/>
  </testcase> <!-- test_1302_YCGJS -->
  <testcase name="test_1401_RMJG" time="0.0" classname="com.uxin.usedcar.testCase.HomePageTest">
    <skipped/>
  </testcase> <!-- test_1401_RMJG -->
  <testcase name="test_1402_RMPP" time="0.0" classname="com.uxin.usedcar.testCase.HomePageTest">
    <skipped/>
  </testcase> <!-- test_1402_RMPP -->
  <testcase name="test_1403_QBCY" time="0.0" classname="com.uxin.usedcar.testCase.HomePageTest">
    <skipped/>
  </testcase> <!-- test_1403_QBCY -->
  <testcase name="test_1501_YCG1" time="0.0" classname="com.uxin.usedcar.testCase.HomePageTest">
    <skipped/>
  </testcase> <!-- test_1501_YCG1 -->
  <testcase name="test_1502_YCGBN" time="0.0" classname="com.uxin.usedcar.testCase.HomePageTest">
    <skipped/>
  </testcase> <!-- test_1502_YCGBN -->
  <testcase name="test_1601_RMTJ" time="0.0" classname="com.uxin.usedcar.testCase.HomePageTest">
    <skipped/>
  </testcase> <!-- test_1601_RMTJ -->
  <testcase name="test_1700_WDDY" time="0.0" classname="com.uxin.usedcar.testCase.HomePageTest">
    <skipped/>
  </testcase> <!-- test_1700_WDDY -->
  <testcase name="test_1800_CXKP" time="0.0" classname="com.uxin.usedcar.testCase.HomePageTest">
    <skipped/>
  </testcase> <!-- test_1800_CXKP -->
  <testcase name="test_401_QGZG" time="0.0" classname="com.uxin.usedcar.testCase.ValuableBookTest">
    <skipped/>
  </testcase> <!-- test_401_QGZG -->
  <testcase name="test_402_searchBar" time="0.0" classname="com.uxin.usedcar.testCase.ValuableBookTest">
    <skipped/>
  </testcase> <!-- test_402_searchBar -->
  <testcase name="test_403_wendaFocus" time="0.0" classname="com.uxin.usedcar.testCase.ValuableBookTest">
    <skipped/>
  </testcase> <!-- test_403_wendaFocus -->
  <testcase name="test_404_wendaFocus" time="0.0" classname="com.uxin.usedcar.testCase.ValuableBookTest">
    <skipped/>
  </testcase> <!-- test_404_wendaFocus -->
  <testcase name="test_405_BZB" time="0.0" classname="com.uxin.usedcar.testCase.ValuableBookTest">
    <skipped/>
  </testcase> <!-- test_405_BZB -->
  <testcase name="test_406_WDSubmit" time="0.0" classname="com.uxin.usedcar.testCase.ValuableBookTest">
    <skipped/>
  </testcase> <!-- test_406_WDSubmit -->
  <testcase name="test_407_WDSubmit" time="0.0" classname="com.uxin.usedcar.testCase.ValuableBookTest">
    <skipped/>
  </testcase> <!-- test_407_WDSubmit -->
  <testcase name="test_408_WDCarList" time="0.0" classname="com.uxin.usedcar.testCase.ValuableBookTest">
    <skipped/>
  </testcase> <!-- test_408_WDCarList -->
  <testcase name="test_409_searchSuggest" time="0.0" classname="com.uxin.usedcar.testCase.ValuableBookTest">
    <skipped/>
  </testcase> <!-- test_409_searchSuggest -->
  <testcase name="test_410_searchSuggest" time="0.0" classname="com.uxin.usedcar.testCase.ValuableBookTest">
    <skipped/>
  </testcase> <!-- test_410_searchSuggest -->
  <testcase name="test_411_ZXShare" time="0.0" classname="com.uxin.usedcar.testCase.ValuableBookTest">
    <skipped/>
  </testcase> <!-- test_411_ZXShare -->
  <testcase name="test_412_BaiKeCheck" time="0.0" classname="com.uxin.usedcar.testCase.ValuableBookTest">
    <skipped/>
  </testcase> <!-- test_412_BaiKeCheck -->
  <testcase name="test_413_BaiKeCheck" time="0.0" classname="com.uxin.usedcar.testCase.ValuableBookTest">
    <skipped/>
  </testcase> <!-- test_413_BaiKeCheck -->
  <testcase name="test_414_ZXBaiKe" time="0.0" classname="com.uxin.usedcar.testCase.ValuableBookTest">
    <skipped/>
  </testcase> <!-- test_414_ZXBaiKe -->
  <testcase name="test_415_TIWEN" time="0.0" classname="com.uxin.usedcar.testCase.ValuableBookTest">
    <skipped/>
  </testcase> <!-- test_415_TIWEN -->
  <testcase name="test_416_moreZIXUN" time="0.0" classname="com.uxin.usedcar.testCase.ValuableBookTest">
    <skipped/>
  </testcase> <!-- test_416_moreZIXUN -->
  <testcase name="test_417_RMZX" time="0.0" classname="com.uxin.usedcar.testCase.ValuableBookTest">
    <skipped/>
  </testcase> <!-- test_417_RMZX -->
  <testcase name="test_418_RMZXMore" time="0.0" classname="com.uxin.usedcar.testCase.ValuableBookTest">
    <skipped/>
  </testcase> <!-- test_418_RMZXMore -->
  <testcase name="test_419_RMZXMore" time="0.001" classname="com.uxin.usedcar.testCase.ValuableBookTest">
    <skipped/>
  </testcase> <!-- test_419_RMZXMore -->
  <testcase name="test_2501_carShow" time="0.0" classname="com.uxin.usedcar.testCase.BuyCarTest">
    <skipped/>
  </testcase> <!-- test_2501_carShow -->
  <testcase name="test_2502_serch_1" time="0.0" classname="com.uxin.usedcar.testCase.BuyCarTest">
    <skipped/>
  </testcase> <!-- test_2502_serch_1 -->
  <testcase name="test_2503_serch_2" time="0.0" classname="com.uxin.usedcar.testCase.BuyCarTest">
    <skipped/>
  </testcase> <!-- test_2503_serch_2 -->
  <testcase name="test_2504_city" time="0.0" classname="com.uxin.usedcar.testCase.BuyCarTest">
    <skipped/>
  </testcase> <!-- test_2504_city -->
  <testcase name="test_2505_brand" time="0.0" classname="com.uxin.usedcar.testCase.BuyCarTest">
    <skipped/>
  </testcase> <!-- test_2505_brand -->
  <testcase name="test_2506_brand_fyb" time="0.0" classname="com.uxin.usedcar.testCase.BuyCarTest">
    <skipped/>
  </testcase> <!-- test_2506_brand_fyb -->
  <testcase name="test_2507_price" time="0.0" classname="com.uxin.usedcar.testCase.BuyCarTest">
    <skipped/>
  </testcase> <!-- test_2507_price -->
  <testcase name="test_2508_filter" time="0.0" classname="com.uxin.usedcar.testCase.BuyCarTest">
    <skipped/>
  </testcase> <!-- test_2508_filter -->
  <testcase name="test_2509_HelpFindCar" time="0.0" classname="com.uxin.usedcar.testCase.BuyCarTest">
    <skipped/>
  </testcase> <!-- test_2509_HelpFindCar -->
  <testcase name="test_2510_HelpFindCar_fyb" time="0.0" classname="com.uxin.usedcar.testCase.BuyCarTest">
    <skipped/>
  </testcase> <!-- test_2510_HelpFindCar_fyb -->
  <testcase name="test_2511_list_recommend" time="0.0" classname="com.uxin.usedcar.testCase.BuyCarTest">
    <skipped/>
  </testcase> <!-- test_2511_list_recommend -->
  <testcase name="test_2512_list_recommend_fyb" time="0.0" classname="com.uxin.usedcar.testCase.BuyCarTest">
    <skipped/>
  </testcase> <!-- test_2512_list_recommend_fyb -->
  <testcase name="test_2513_car_compare" time="0.0" classname="com.uxin.usedcar.testCase.BuyCarTest">
    <skipped/>
  </testcase> <!-- test_2513_car_compare -->
  <testcase name="test_2514_YYKC_Delete" time="0.0" classname="com.uxin.usedcar.testCase.BuyCarTest">
    <skipped/>
  </testcase> <!-- test_2514_YYKC_Delete -->
  <testcase name="test_2515_YYKC" time="0.0" classname="com.uxin.usedcar.testCase.BuyCarTest">
    <skipped/>
  </testcase> <!-- test_2515_YYKC -->
  <testcase name="test_2517_YYKC_KCRC" time="0.0" classname="com.uxin.usedcar.testCase.BuyCarTest">
    <skipped/>
  </testcase> <!-- test_2517_YYKC_KCRC -->
  <testcase name="test_2518_SHARE" time="0.0" classname="com.uxin.usedcar.testCase.BuyCarTest">
    <skipped/>
  </testcase> <!-- test_2518_SHARE -->
  <testcase name="test_2519_BIG_PICTURE" time="0.0" classname="com.uxin.usedcar.testCase.BuyCarTest">
    <skipped/>
  </testcase> <!-- test_2519_BIG_PICTURE -->
  <testcase name="test_2520_CHAOZHI" time="0.0" classname="com.uxin.usedcar.testCase.BuyCarTest">
    <skipped/>
  </testcase> <!-- test_2520_CHAOZHI -->
  <testcase name="test_2521_FQG_Detail" time="0.0" classname="com.uxin.usedcar.testCase.BuyCarTest">
    <skipped/>
  </testcase> <!-- test_2521_FQG_Detail -->
  <testcase name="test_2522_CYDT" time="0.0" classname="com.uxin.usedcar.testCase.BuyCarTest">
    <skipped/>
  </testcase> <!-- test_2522_CYDT -->
  <testcase name="test_2523_PZLD" time="0.0" classname="com.uxin.usedcar.testCase.BuyCarTest">
    <skipped/>
  </testcase> <!-- test_2523_PZLD -->
  <testcase name="test_2524_CKGY" time="0.0" classname="com.uxin.usedcar.testCase.BuyCarTest">
    <skipped/>
  </testcase> <!-- test_2524_CKGY -->
  <testcase name="test_2625_carDetailAll" time="0.0" classname="com.uxin.usedcar.testCase.BuyCarTest">
    <skipped/>
  </testcase> <!-- test_2625_carDetailAll -->
  <testcase name="test_2626_navigation_tab" time="0.0" classname="com.uxin.usedcar.testCase.BuyCarTest">
    <skipped/>
  </testcase> <!-- test_2626_navigation_tab -->
  <testcase name="test_2627_halfcarlist" time="0.0" classname="com.uxin.usedcar.testCase.BuyCarTest">
    <skipped/>
  </testcase> <!-- test_2627_halfcarlist -->
  <testcase name="test_2628_carlistSeeListExpo" time="0.0" classname="com.uxin.usedcar.testCase.BuyCarTest">
    <skipped/>
  </testcase> <!-- test_2628_carlistSeeListExpo -->
  <testcase name="test_2629_YXRZ" time="0.0" classname="com.uxin.usedcar.testCase.BuyCarTest">
    <skipped/>
  </testcase> <!-- test_2629_YXRZ -->
  <testcase name="test_2631_examineVideoDetail" time="0.0" classname="com.uxin.usedcar.testCase.BuyCarTest">
    <skipped/>
  </testcase> <!-- test_2631_examineVideoDetail -->
  <testcase name="test_2632_33_examineReportPage" time="0.0" classname="com.uxin.usedcar.testCase.BuyCarTest">
    <skipped/>
  </testcase> <!-- test_2632_33_examineReportPage -->
  <testcase name="test_2634_defectDetail" time="0.0" classname="com.uxin.usedcar.testCase.BuyCarTest">
    <skipped/>
  </testcase> <!-- test_2634_defectDetail -->
  <testcase name="test_2635_defectDetail" time="0.0" classname="com.uxin.usedcar.testCase.BuyCarTest">
    <skipped/>
  </testcase> <!-- test_2635_defectDetail -->
  <testcase name="test_2736_tuijianCard" time="0.0" classname="com.uxin.usedcar.testCase.BuyCarTest">
    <skipped/>
  </testcase> <!-- test_2736_tuijianCard -->
  <testcase name="test_2737_tuijianCard" time="0.0" classname="com.uxin.usedcar.testCase.BuyCarTest">
    <skipped/>
  </testcase> <!-- test_2737_tuijianCard -->
  <testcase name="test_2738_tuijianCard" time="0.0" classname="com.uxin.usedcar.testCase.BuyCarTest">
    <skipped/>
  </testcase> <!-- test_2738_tuijianCard -->
  <testcase name="test_2739_switchSeeList" time="0.0" classname="com.uxin.usedcar.testCase.BuyCarTest">
    <skipped/>
  </testcase> <!-- test_2739_switchSeeList -->
  <testcase name="test_2740_defectPointDetail" time="0.0" classname="com.uxin.usedcar.testCase.BuyCarTest">
    <skipped/>
  </testcase> <!-- test_2740_defectPointDetail -->
  <testcase name="test_2741_IM" time="0.0" classname="com.uxin.usedcar.testCase.BuyCarTest">
    <skipped/>
  </testcase> <!-- test_2741_IM -->
  <testcase name="@BeforeSuite inputQaNameAndQaId" time="0.0" classname="com.uxin.usedcar.test.libs.BaseTest">
    <ignored/>
  </testcase> <!-- @BeforeSuite inputQaNameAndQaId -->
  <testcase name="@BeforeSuite inputQaNameAndQaId" time="0.0" classname="com.uxin.usedcar.test.libs.BaseTest">
    <ignored/>
  </testcase> <!-- @BeforeSuite inputQaNameAndQaId -->
  <testcase name="@BeforeSuite inputQaNameAndQaId" time="0.0" classname="com.uxin.usedcar.test.libs.BaseTest">
    <ignored/>
  </testcase> <!-- @BeforeSuite inputQaNameAndQaId -->
  <testcase name="@BeforeSuite inputQaNameAndQaId" time="0.0" classname="com.uxin.usedcar.test.libs.BaseTest">
    <ignored/>
  </testcase> <!-- @BeforeSuite inputQaNameAndQaId -->
</testsuite> <!-- Default test -->
